<?xml version="1.0" encoding="UTF-8"?>
<testng-results ignored="0" total="2" passed="2" failed="0" skipped="0">
  <reporter-output>
  </reporter-output>
  <suite started-at="2021-06-27T19:35:56 IST" name="Suite" finished-at="2021-06-27T19:36:28 IST" duration-ms="32084">
    <groups>
    </groups>
    <test started-at="2021-06-27T19:35:56 IST" name="ChromeTest" finished-at="2021-06-27T19:36:21 IST" duration-ms="25518">
      <class name="flipkartautomation.Flipkart">
        <test-method is-config="true" signature="setUp(java.lang.String)[pri:0, instance:flipkartautomation.Flipkart@654f0d9c]" started-at="2021-06-27T19:35:56 IST" name="setUp" finished-at="2021-06-27T19:35:58 IST" duration-ms="2923" status="PASS">
          <params>
            <param index="0">
              <value>
                <![CDATA[Chrome]]>
              </value>
            </param>
          </params>
          <reporter-output>
          </reporter-output>
        </test-method> <!-- setUp -->
        <test-method signature="flipkart()[pri:0, instance:flipkartautomation.Flipkart@654f0d9c]" started-at="2021-06-27T19:35:59 IST" name="flipkart" finished-at="2021-06-27T19:36:21 IST" duration-ms="22311" status="PASS">
          <reporter-output>
          </reporter-output>
        </test-method> <!-- flipkart -->
        <test-method is-config="true" signature="closeBrowser()[pri:0, instance:flipkartautomation.Flipkart@654f0d9c]" started-at="2021-06-27T19:36:21 IST" name="closeBrowser" finished-at="2021-06-27T19:36:21 IST" duration-ms="237" status="PASS">
          <reporter-output>
          </reporter-output>
        </test-method> <!-- closeBrowser -->
      </class> <!-- flipkartautomation.Flipkart -->
    </test> <!-- ChromeTest -->
    <test started-at="2021-06-27T19:35:56 IST" name="FirefoxTest" finished-at="2021-06-27T19:36:28 IST" duration-ms="32084">
      <class name="flipkartautomation.Flipkart">
        <test-method is-config="true" signature="setUp(java.lang.String)[pri:0, instance:flipkartautomation.Flipkart@78e117e3]" started-at="2021-06-27T19:35:56 IST" name="setUp" finished-at="2021-06-27T19:36:05 IST" duration-ms="9562" status="PASS">
          <params>
            <param index="0">
              <value>
                <![CDATA[Firefox]]>
              </value>
            </param>
          </params>
          <reporter-output>
          </reporter-output>
        </test-method> <!-- setUp -->
        <test-method signature="flipkart()[pri:0, instance:flipkartautomation.Flipkart@78e117e3]" started-at="2021-06-27T19:36:05 IST" name="flipkart" finished-at="2021-06-27T19:36:27 IST" duration-ms="21511" status="PASS">
          <reporter-output>
          </reporter-output>
        </test-method> <!-- flipkart -->
        <test-method is-config="true" signature="closeBrowser()[pri:0, instance:flipkartautomation.Flipkart@78e117e3]" started-at="2021-06-27T19:36:27 IST" name="closeBrowser" finished-at="2021-06-27T19:36:28 IST" duration-ms="1001" status="PASS">
          <reporter-output>
          </reporter-output>
        </test-method> <!-- closeBrowser -->
      </class> <!-- flipkartautomation.Flipkart -->
    </test> <!-- FirefoxTest -->
  </suite> <!-- Suite -->
</testng-results>
